File Size: 173590 bytes
Server: 192.168.2.231:50949
Buffer Size: 4096 bytes
Transfer 1...
Transfer 1 Time: 0.178278 seconds
Transfer 2...
Transfer 2 Time: 0.013426 seconds
Transfer 3...
Transfer 3 Time: 0.012076 seconds
Transfer 4...
Transfer 4 Time: 0.012176 seconds
Transfer 5...
Transfer 5 Time: 0.011909 seconds
Transfer 6...
Transfer 6 Time: 0.010519 seconds
Transfer 7...
Transfer 7 Time: 0.010125 seconds
Transfer 8...
Transfer 8 Time: 0.010173 seconds
Transfer 9...
Transfer 9 Time: 0.009403 seconds
Transfer 10...
Transfer 10 Time: 0.008921 seconds
Transfer 11...
Transfer 11 Time: 0.008786 seconds
Transfer 12...
Transfer 12 Time: 0.009266 seconds
Transfer 13...
Transfer 13 Time: 0.009685 seconds
Transfer 14...
Transfer 14 Time: 0.009219 seconds
Transfer 15...
Transfer 15 Time: 0.008610 seconds
Transfer 16...
Transfer 16 Time: 0.008728 seconds
Transfer 17...
Transfer 17 Time: 0.009139 seconds
Transfer 18...
Transfer 18 Time: 0.010042 seconds
Transfer 19...
Transfer 19 Time: 0.012927 seconds
Transfer 20...
Transfer 20 Time: 0.009508 seconds
Summary:
Min Transfer Time: 0.008610 seconds
Max Transfer Time: 0.178278 seconds
Avg Transfer Time: 0.018646 seconds
Min Transfer Rate: 973704.157742 bytes/second
Max Transfer Rate: 20161416.425110 bytes/second
Avg Transfer Rate: 9309877.763499 bytes/second
