File Size: 173590 bytes
Server: 70.54.78.178:50949
Buffer Size: 4096 bytes
Transfer 1...
Transfer 1 Time: 0.130538 seconds
Transfer 2...
Transfer 2 Time: 0.073152 seconds
Transfer 3...
Transfer 3 Time: 0.078661 seconds
Transfer 4...
Transfer 4 Time: 0.068196 seconds
Transfer 5...
Transfer 5 Time: 0.071229 seconds
Transfer 6...
Transfer 6 Time: 0.073448 seconds
Transfer 7...
Transfer 7 Time: 0.065837 seconds
Transfer 8...
Transfer 8 Time: 0.066887 seconds
Transfer 9...
Transfer 9 Time: 0.064773 seconds
Transfer 10...
Transfer 10 Time: 0.084332 seconds
Transfer 11...
Transfer 11 Time: 0.078444 seconds
Transfer 12...
Transfer 12 Time: 0.067232 seconds
Transfer 13...
Transfer 13 Time: 0.075899 seconds
Transfer 14...
Transfer 14 Time: 0.080152 seconds
Transfer 15...
Transfer 15 Time: 0.067537 seconds
Transfer 16...
Transfer 16 Time: 0.080945 seconds
Transfer 17...
Transfer 17 Time: 0.083517 seconds
Transfer 18...
Transfer 18 Time: 0.067785 seconds
Transfer 19...
Transfer 19 Time: 0.088074 seconds
Transfer 20...
Transfer 20 Time: 0.069142 seconds
Summary:
Min Transfer Time: 0.064773 seconds
Max Transfer Time: 0.130538 seconds
Avg Transfer Time: 0.076789 seconds
Min Transfer Rate: 1329799.625510 bytes/second
Max Transfer Rate: 2679961.393262 bytes/second
Avg Transfer Rate: 2260611.716606 bytes/second
